CRITICAL - 2025-12-25 02:41:34 --> ErrorException: Attempt to read property "user_name" on array
[Method: GET, Route: owner/users]
in APPPATH\Views\owner\pages\v_users.php on line 49.
 1 APPPATH\Views\owner\pages\v_users.php(49): CodeIgniter\Debug\Exceptions->errorHandler(2, 'Attempt to read property "user_name" on array', 'C:\\aplikasi cihuy\\xampp\\htdocs\\Pembelajaran CodeIgniter4\\e-warkas\\app\\Views\\owner\\pages\\v_users.php', 49)
 2 SYSTEMPATH\View\View.php(226): include('C:\\aplikasi cihuy\\xampp\\htdocs\\Pembelajaran CodeIgniter4\\e-warkas\\app\\Views\\owner\\pages\\v_users.php')
 3 SYSTEMPATH\View\View.php(229): CodeIgniter\View\View->CodeIgniter\View\{closure}()
 4 SYSTEMPATH\Common.php(1167): CodeIgniter\View\View->render('owner/pages/v_users', [], true)
 5 APPPATH\Controllers\Owner\UsersControl.php(30): view('owner/pages/v_users', [...])
 6 SYSTEMPATH\CodeIgniter.php(933): App\Controllers\Owner\UsersControl->index()
 7 SYSTEMPATH\CodeIgniter.php(507): CodeIgniter\CodeIgniter->runController(Object(App\Controllers\Owner\UsersControl))
 8 SYSTEMPATH\CodeIgniter.php(354): CodeIgniter\CodeIgniter->handleRequest(null, Object(Config\Cache), false)
 9 SYSTEMPATH\Boot.php(363): CodeIgniter\CodeIgniter->run()
10 SYSTEMPATH\Boot.php(68): CodeIgniter\Boot::runCodeIgniter(Object(CodeIgniter\CodeIgniter))
11 FCPATH\index.php(59): CodeIgniter\Boot::bootWeb(Object(Config\Paths))
12 SYSTEMPATH\rewrite.php(44): require_once('C:\\aplikasi cihuy\\xampp\\htdocs\\Pembelajaran CodeIgniter4\\e-warkas\\public\\index.php')
ERROR - 2025-12-25 03:23:09 --> mysqli_sql_exception: Unknown column 'updated_at' in 'field list' in C:\aplikasi cihuy\xampp\htdocs\Pembelajaran CodeIgniter4\e-warkas\system\Database\MySQLi\Connection.php:327
Stack trace:
#0 C:\aplikasi cihuy\xampp\htdocs\Pembelajaran CodeIgniter4\e-warkas\system\Database\MySQLi\Connection.php(327): mysqli->query('INSERT INTO `us...', 0)
#1 C:\aplikasi cihuy\xampp\htdocs\Pembelajaran CodeIgniter4\e-warkas\system\Database\BaseConnection.php(729): CodeIgniter\Database\MySQLi\Connection->execute('INSERT INTO `us...')
#2 C:\aplikasi cihuy\xampp\htdocs\Pembelajaran CodeIgniter4\e-warkas\system\Database\BaseConnection.php(646): CodeIgniter\Database\BaseConnection->simpleQuery('INSERT INTO `us...')
#3 C:\aplikasi cihuy\xampp\htdocs\Pembelajaran CodeIgniter4\e-warkas\system\Database\BaseBuilder.php(2345): CodeIgniter\Database\BaseConnection->query('INSERT INTO `us...', Array, false)
#4 C:\aplikasi cihuy\xampp\htdocs\Pembelajaran CodeIgniter4\e-warkas\system\Model.php(394): CodeIgniter\Database\BaseBuilder->insert()
#5 C:\aplikasi cihuy\xampp\htdocs\Pembelajaran CodeIgniter4\e-warkas\system\BaseModel.php(838): CodeIgniter\Model->doInsert(Array)
#6 C:\aplikasi cihuy\xampp\htdocs\Pembelajaran CodeIgniter4\e-warkas\system\Model.php(797): CodeIgniter\BaseModel->insert(Array, true)
#7 C:\aplikasi cihuy\xampp\htdocs\Pembelajaran CodeIgniter4\e-warkas\app\Controllers\Owner\UsersControl.php(98): CodeIgniter\Model->insert(Array)
#8 C:\aplikasi cihuy\xampp\htdocs\Pembelajaran CodeIgniter4\e-warkas\system\CodeIgniter.php(933): App\Controllers\Owner\UsersControl->save()
#9 C:\aplikasi cihuy\xampp\htdocs\Pembelajaran CodeIgniter4\e-warkas\system\CodeIgniter.php(507): CodeIgniter\CodeIgniter->runController(Object(App\Controllers\Owner\UsersControl))
#10 C:\aplikasi cihuy\xampp\htdocs\Pembelajaran CodeIgniter4\e-warkas\system\CodeIgniter.php(354): CodeIgniter\CodeIgniter->handleRequest(NULL, Object(Config\Cache), false)
#11 C:\aplikasi cihuy\xampp\htdocs\Pembelajaran CodeIgniter4\e-warkas\system\Boot.php(363): CodeIgniter\CodeIgniter->run()
#12 C:\aplikasi cihuy\xampp\htdocs\Pembelajaran CodeIgniter4\e-warkas\system\Boot.php(68): CodeIgniter\Boot::runCodeIgniter(Object(CodeIgniter\CodeIgniter))
#13 C:\aplikasi cihuy\xampp\htdocs\Pembelajaran CodeIgniter4\e-warkas\public\index.php(59): CodeIgniter\Boot::bootWeb(Object(Config\Paths))
#14 C:\aplikasi cihuy\xampp\htdocs\Pembelajaran CodeIgniter4\e-warkas\system\rewrite.php(44): require_once('C:\\aplikasi cih...')
#15 {main}
CRITICAL - 2025-12-25 03:23:09 --> CodeIgniter\Database\Exceptions\DatabaseException: Unknown column 'updated_at' in 'field list'
[Method: POST, Route: owner/users/save]
in SYSTEMPATH\Database\BaseConnection.php on line 684.
 1 SYSTEMPATH\Database\BaseBuilder.php(2345): CodeIgniter\Database\BaseConnection->query('INSERT INTO `users` (`user_name`, `user_email`, `roles_id`, `is_active`, `created_at`, `updated_at`) VALUES (:user_name:, :user_email:, :roles_id:, :is_active:, :created_at:, :updated_at:)', [...], false)
 2 SYSTEMPATH\Model.php(394): CodeIgniter\Database\BaseBuilder->insert()
 3 SYSTEMPATH\BaseModel.php(838): CodeIgniter\Model->doInsert([...])
 4 SYSTEMPATH\Model.php(797): CodeIgniter\BaseModel->insert([...], true)
 5 APPPATH\Controllers\Owner\UsersControl.php(98): CodeIgniter\Model->insert([...])
 6 SYSTEMPATH\CodeIgniter.php(933): App\Controllers\Owner\UsersControl->save()
 7 SYSTEMPATH\CodeIgniter.php(507): CodeIgniter\CodeIgniter->runController(Object(App\Controllers\Owner\UsersControl))
 8 SYSTEMPATH\CodeIgniter.php(354): CodeIgniter\CodeIgniter->handleRequest(null, Object(Config\Cache), false)
 9 SYSTEMPATH\Boot.php(363): CodeIgniter\CodeIgniter->run()
10 SYSTEMPATH\Boot.php(68): CodeIgniter\Boot::runCodeIgniter(Object(CodeIgniter\CodeIgniter))
11 FCPATH\index.php(59): CodeIgniter\Boot::bootWeb(Object(Config\Paths))
12 SYSTEMPATH\rewrite.php(44): require_once('C:\\aplikasi cihuy\\xampp\\htdocs\\Pembelajaran CodeIgniter4\\e-warkas\\public\\index.php')
CRITICAL - 2025-12-25 03:23:09 --> [Caused by] CodeIgniter\Database\Exceptions\DatabaseException: Unknown column 'updated_at' in 'field list'
in SYSTEMPATH\Database\MySQLi\Connection.php on line 332.
 1 SYSTEMPATH\Database\BaseConnection.php(729): CodeIgniter\Database\MySQLi\Connection->execute('INSERT INTO `users` (`user_name`, `user_email`, `roles_id`, `is_active`, `created_at`, `updated_at`) VALUES (\'test\', \'test@gmail.com\', \'1\', NULL, \'2025-12-25 03:23:08\', \'2025-12-25 03:23:08\')')
 2 SYSTEMPATH\Database\BaseConnection.php(646): CodeIgniter\Database\BaseConnection->simpleQuery('INSERT INTO `users` (`user_name`, `user_email`, `roles_id`, `is_active`, `created_at`, `updated_at`) VALUES (\'test\', \'test@gmail.com\', \'1\', NULL, \'2025-12-25 03:23:08\', \'2025-12-25 03:23:08\')')
 3 SYSTEMPATH\Database\BaseBuilder.php(2345): CodeIgniter\Database\BaseConnection->query('INSERT INTO `users` (`user_name`, `user_email`, `roles_id`, `is_active`, `created_at`, `updated_at`) VALUES (:user_name:, :user_email:, :roles_id:, :is_active:, :created_at:, :updated_at:)', [...], false)
 4 SYSTEMPATH\Model.php(394): CodeIgniter\Database\BaseBuilder->insert()
 5 SYSTEMPATH\BaseModel.php(838): CodeIgniter\Model->doInsert([...])
 6 SYSTEMPATH\Model.php(797): CodeIgniter\BaseModel->insert([...], true)
 7 APPPATH\Controllers\Owner\UsersControl.php(98): CodeIgniter\Model->insert([...])
 8 SYSTEMPATH\CodeIgniter.php(933): App\Controllers\Owner\UsersControl->save()
 9 SYSTEMPATH\CodeIgniter.php(507): CodeIgniter\CodeIgniter->runController(Object(App\Controllers\Owner\UsersControl))
10 SYSTEMPATH\CodeIgniter.php(354): CodeIgniter\CodeIgniter->handleRequest(null, Object(Config\Cache), false)
11 SYSTEMPATH\Boot.php(363): CodeIgniter\CodeIgniter->run()
12 SYSTEMPATH\Boot.php(68): CodeIgniter\Boot::runCodeIgniter(Object(CodeIgniter\CodeIgniter))
13 FCPATH\index.php(59): CodeIgniter\Boot::bootWeb(Object(Config\Paths))
14 SYSTEMPATH\rewrite.php(44): require_once('C:\\aplikasi cihuy\\xampp\\htdocs\\Pembelajaran CodeIgniter4\\e-warkas\\public\\index.php')
CRITICAL - 2025-12-25 03:23:09 --> [Caused by] mysqli_sql_exception: Unknown column 'updated_at' in 'field list'
in SYSTEMPATH\Database\MySQLi\Connection.php on line 327.
 1 SYSTEMPATH\Database\MySQLi\Connection.php(327): mysqli->query('INSERT INTO `users` (`user_name`, `user_email`, `roles_id`, `is_active`, `created_at`, `updated_at`) VALUES (\'test\', \'test@gmail.com\', \'1\', NULL, \'2025-12-25 03:23:08\', \'2025-12-25 03:23:08\')', 0)
 2 SYSTEMPATH\Database\BaseConnection.php(729): CodeIgniter\Database\MySQLi\Connection->execute('INSERT INTO `users` (`user_name`, `user_email`, `roles_id`, `is_active`, `created_at`, `updated_at`) VALUES (\'test\', \'test@gmail.com\', \'1\', NULL, \'2025-12-25 03:23:08\', \'2025-12-25 03:23:08\')')
 3 SYSTEMPATH\Database\BaseConnection.php(646): CodeIgniter\Database\BaseConnection->simpleQuery('INSERT INTO `users` (`user_name`, `user_email`, `roles_id`, `is_active`, `created_at`, `updated_at`) VALUES (\'test\', \'test@gmail.com\', \'1\', NULL, \'2025-12-25 03:23:08\', \'2025-12-25 03:23:08\')')
 4 SYSTEMPATH\Database\BaseBuilder.php(2345): CodeIgniter\Database\BaseConnection->query('INSERT INTO `users` (`user_name`, `user_email`, `roles_id`, `is_active`, `created_at`, `updated_at`) VALUES (:user_name:, :user_email:, :roles_id:, :is_active:, :created_at:, :updated_at:)', [...], false)
 5 SYSTEMPATH\Model.php(394): CodeIgniter\Database\BaseBuilder->insert()
 6 SYSTEMPATH\BaseModel.php(838): CodeIgniter\Model->doInsert([...])
 7 SYSTEMPATH\Model.php(797): CodeIgniter\BaseModel->insert([...], true)
 8 APPPATH\Controllers\Owner\UsersControl.php(98): CodeIgniter\Model->insert([...])
 9 SYSTEMPATH\CodeIgniter.php(933): App\Controllers\Owner\UsersControl->save()
10 SYSTEMPATH\CodeIgniter.php(507): CodeIgniter\CodeIgniter->runController(Object(App\Controllers\Owner\UsersControl))
11 SYSTEMPATH\CodeIgniter.php(354): CodeIgniter\CodeIgniter->handleRequest(null, Object(Config\Cache), false)
12 SYSTEMPATH\Boot.php(363): CodeIgniter\CodeIgniter->run()
13 SYSTEMPATH\Boot.php(68): CodeIgniter\Boot::runCodeIgniter(Object(CodeIgniter\CodeIgniter))
14 FCPATH\index.php(59): CodeIgniter\Boot::bootWeb(Object(Config\Paths))
15 SYSTEMPATH\rewrite.php(44): require_once('C:\\aplikasi cihuy\\xampp\\htdocs\\Pembelajaran CodeIgniter4\\e-warkas\\public\\index.php')
ERROR - 2025-12-25 03:23:17 --> mysqli_sql_exception: Unknown column 'updated_at' in 'field list' in C:\aplikasi cihuy\xampp\htdocs\Pembelajaran CodeIgniter4\e-warkas\system\Database\MySQLi\Connection.php:327
Stack trace:
#0 C:\aplikasi cihuy\xampp\htdocs\Pembelajaran CodeIgniter4\e-warkas\system\Database\MySQLi\Connection.php(327): mysqli->query('INSERT INTO `us...', 0)
#1 C:\aplikasi cihuy\xampp\htdocs\Pembelajaran CodeIgniter4\e-warkas\system\Database\BaseConnection.php(729): CodeIgniter\Database\MySQLi\Connection->execute('INSERT INTO `us...')
#2 C:\aplikasi cihuy\xampp\htdocs\Pembelajaran CodeIgniter4\e-warkas\system\Database\BaseConnection.php(646): CodeIgniter\Database\BaseConnection->simpleQuery('INSERT INTO `us...')
#3 C:\aplikasi cihuy\xampp\htdocs\Pembelajaran CodeIgniter4\e-warkas\system\Database\BaseBuilder.php(2345): CodeIgniter\Database\BaseConnection->query('INSERT INTO `us...', Array, false)
#4 C:\aplikasi cihuy\xampp\htdocs\Pembelajaran CodeIgniter4\e-warkas\system\Model.php(394): CodeIgniter\Database\BaseBuilder->insert()
#5 C:\aplikasi cihuy\xampp\htdocs\Pembelajaran CodeIgniter4\e-warkas\system\BaseModel.php(838): CodeIgniter\Model->doInsert(Array)
#6 C:\aplikasi cihuy\xampp\htdocs\Pembelajaran CodeIgniter4\e-warkas\system\Model.php(797): CodeIgniter\BaseModel->insert(Array, true)
#7 C:\aplikasi cihuy\xampp\htdocs\Pembelajaran CodeIgniter4\e-warkas\app\Controllers\Owner\UsersControl.php(98): CodeIgniter\Model->insert(Array)
#8 C:\aplikasi cihuy\xampp\htdocs\Pembelajaran CodeIgniter4\e-warkas\system\CodeIgniter.php(933): App\Controllers\Owner\UsersControl->save()
#9 C:\aplikasi cihuy\xampp\htdocs\Pembelajaran CodeIgniter4\e-warkas\system\CodeIgniter.php(507): CodeIgniter\CodeIgniter->runController(Object(App\Controllers\Owner\UsersControl))
#10 C:\aplikasi cihuy\xampp\htdocs\Pembelajaran CodeIgniter4\e-warkas\system\CodeIgniter.php(354): CodeIgniter\CodeIgniter->handleRequest(NULL, Object(Config\Cache), false)
#11 C:\aplikasi cihuy\xampp\htdocs\Pembelajaran CodeIgniter4\e-warkas\system\Boot.php(363): CodeIgniter\CodeIgniter->run()
#12 C:\aplikasi cihuy\xampp\htdocs\Pembelajaran CodeIgniter4\e-warkas\system\Boot.php(68): CodeIgniter\Boot::runCodeIgniter(Object(CodeIgniter\CodeIgniter))
#13 C:\aplikasi cihuy\xampp\htdocs\Pembelajaran CodeIgniter4\e-warkas\public\index.php(59): CodeIgniter\Boot::bootWeb(Object(Config\Paths))
#14 C:\aplikasi cihuy\xampp\htdocs\Pembelajaran CodeIgniter4\e-warkas\system\rewrite.php(44): require_once('C:\\aplikasi cih...')
#15 {main}
CRITICAL - 2025-12-25 03:23:17 --> CodeIgniter\Database\Exceptions\DatabaseException: Unknown column 'updated_at' in 'field list'
[Method: POST, Route: owner/users/save]
in SYSTEMPATH\Database\BaseConnection.php on line 684.
 1 SYSTEMPATH\Database\BaseBuilder.php(2345): CodeIgniter\Database\BaseConnection->query('INSERT INTO `users` (`user_name`, `user_email`, `roles_id`, `is_active`, `created_at`, `updated_at`) VALUES (:user_name:, :user_email:, :roles_id:, :is_active:, :created_at:, :updated_at:)', [...], false)
 2 SYSTEMPATH\Model.php(394): CodeIgniter\Database\BaseBuilder->insert()
 3 SYSTEMPATH\BaseModel.php(838): CodeIgniter\Model->doInsert([...])
 4 SYSTEMPATH\Model.php(797): CodeIgniter\BaseModel->insert([...], true)
 5 APPPATH\Controllers\Owner\UsersControl.php(98): CodeIgniter\Model->insert([...])
 6 SYSTEMPATH\CodeIgniter.php(933): App\Controllers\Owner\UsersControl->save()
 7 SYSTEMPATH\CodeIgniter.php(507): CodeIgniter\CodeIgniter->runController(Object(App\Controllers\Owner\UsersControl))
 8 SYSTEMPATH\CodeIgniter.php(354): CodeIgniter\CodeIgniter->handleRequest(null, Object(Config\Cache), false)
 9 SYSTEMPATH\Boot.php(363): CodeIgniter\CodeIgniter->run()
10 SYSTEMPATH\Boot.php(68): CodeIgniter\Boot::runCodeIgniter(Object(CodeIgniter\CodeIgniter))
11 FCPATH\index.php(59): CodeIgniter\Boot::bootWeb(Object(Config\Paths))
12 SYSTEMPATH\rewrite.php(44): require_once('C:\\aplikasi cihuy\\xampp\\htdocs\\Pembelajaran CodeIgniter4\\e-warkas\\public\\index.php')
CRITICAL - 2025-12-25 03:23:17 --> [Caused by] CodeIgniter\Database\Exceptions\DatabaseException: Unknown column 'updated_at' in 'field list'
in SYSTEMPATH\Database\MySQLi\Connection.php on line 332.
 1 SYSTEMPATH\Database\BaseConnection.php(729): CodeIgniter\Database\MySQLi\Connection->execute('INSERT INTO `users` (`user_name`, `user_email`, `roles_id`, `is_active`, `created_at`, `updated_at`) VALUES (\'test\', \'test@gmail.com\', \'1\', NULL, \'2025-12-25 03:23:17\', \'2025-12-25 03:23:17\')')
 2 SYSTEMPATH\Database\BaseConnection.php(646): CodeIgniter\Database\BaseConnection->simpleQuery('INSERT INTO `users` (`user_name`, `user_email`, `roles_id`, `is_active`, `created_at`, `updated_at`) VALUES (\'test\', \'test@gmail.com\', \'1\', NULL, \'2025-12-25 03:23:17\', \'2025-12-25 03:23:17\')')
 3 SYSTEMPATH\Database\BaseBuilder.php(2345): CodeIgniter\Database\BaseConnection->query('INSERT INTO `users` (`user_name`, `user_email`, `roles_id`, `is_active`, `created_at`, `updated_at`) VALUES (:user_name:, :user_email:, :roles_id:, :is_active:, :created_at:, :updated_at:)', [...], false)
 4 SYSTEMPATH\Model.php(394): CodeIgniter\Database\BaseBuilder->insert()
 5 SYSTEMPATH\BaseModel.php(838): CodeIgniter\Model->doInsert([...])
 6 SYSTEMPATH\Model.php(797): CodeIgniter\BaseModel->insert([...], true)
 7 APPPATH\Controllers\Owner\UsersControl.php(98): CodeIgniter\Model->insert([...])
 8 SYSTEMPATH\CodeIgniter.php(933): App\Controllers\Owner\UsersControl->save()
 9 SYSTEMPATH\CodeIgniter.php(507): CodeIgniter\CodeIgniter->runController(Object(App\Controllers\Owner\UsersControl))
10 SYSTEMPATH\CodeIgniter.php(354): CodeIgniter\CodeIgniter->handleRequest(null, Object(Config\Cache), false)
11 SYSTEMPATH\Boot.php(363): CodeIgniter\CodeIgniter->run()
12 SYSTEMPATH\Boot.php(68): CodeIgniter\Boot::runCodeIgniter(Object(CodeIgniter\CodeIgniter))
13 FCPATH\index.php(59): CodeIgniter\Boot::bootWeb(Object(Config\Paths))
14 SYSTEMPATH\rewrite.php(44): require_once('C:\\aplikasi cihuy\\xampp\\htdocs\\Pembelajaran CodeIgniter4\\e-warkas\\public\\index.php')
CRITICAL - 2025-12-25 03:23:17 --> [Caused by] mysqli_sql_exception: Unknown column 'updated_at' in 'field list'
in SYSTEMPATH\Database\MySQLi\Connection.php on line 327.
 1 SYSTEMPATH\Database\MySQLi\Connection.php(327): mysqli->query('INSERT INTO `users` (`user_name`, `user_email`, `roles_id`, `is_active`, `created_at`, `updated_at`) VALUES (\'test\', \'test@gmail.com\', \'1\', NULL, \'2025-12-25 03:23:17\', \'2025-12-25 03:23:17\')', 0)
 2 SYSTEMPATH\Database\BaseConnection.php(729): CodeIgniter\Database\MySQLi\Connection->execute('INSERT INTO `users` (`user_name`, `user_email`, `roles_id`, `is_active`, `created_at`, `updated_at`) VALUES (\'test\', \'test@gmail.com\', \'1\', NULL, \'2025-12-25 03:23:17\', \'2025-12-25 03:23:17\')')
 3 SYSTEMPATH\Database\BaseConnection.php(646): CodeIgniter\Database\BaseConnection->simpleQuery('INSERT INTO `users` (`user_name`, `user_email`, `roles_id`, `is_active`, `created_at`, `updated_at`) VALUES (\'test\', \'test@gmail.com\', \'1\', NULL, \'2025-12-25 03:23:17\', \'2025-12-25 03:23:17\')')
 4 SYSTEMPATH\Database\BaseBuilder.php(2345): CodeIgniter\Database\BaseConnection->query('INSERT INTO `users` (`user_name`, `user_email`, `roles_id`, `is_active`, `created_at`, `updated_at`) VALUES (:user_name:, :user_email:, :roles_id:, :is_active:, :created_at:, :updated_at:)', [...], false)
 5 SYSTEMPATH\Model.php(394): CodeIgniter\Database\BaseBuilder->insert()
 6 SYSTEMPATH\BaseModel.php(838): CodeIgniter\Model->doInsert([...])
 7 SYSTEMPATH\Model.php(797): CodeIgniter\BaseModel->insert([...], true)
 8 APPPATH\Controllers\Owner\UsersControl.php(98): CodeIgniter\Model->insert([...])
 9 SYSTEMPATH\CodeIgniter.php(933): App\Controllers\Owner\UsersControl->save()
10 SYSTEMPATH\CodeIgniter.php(507): CodeIgniter\CodeIgniter->runController(Object(App\Controllers\Owner\UsersControl))
11 SYSTEMPATH\CodeIgniter.php(354): CodeIgniter\CodeIgniter->handleRequest(null, Object(Config\Cache), false)
12 SYSTEMPATH\Boot.php(363): CodeIgniter\CodeIgniter->run()
13 SYSTEMPATH\Boot.php(68): CodeIgniter\Boot::runCodeIgniter(Object(CodeIgniter\CodeIgniter))
14 FCPATH\index.php(59): CodeIgniter\Boot::bootWeb(Object(Config\Paths))
15 SYSTEMPATH\rewrite.php(44): require_once('C:\\aplikasi cihuy\\xampp\\htdocs\\Pembelajaran CodeIgniter4\\e-warkas\\public\\index.php')
ERROR - 2025-12-25 03:40:50 --> mysqli_sql_exception: Duplicate entry 'test@gmail.com' for key 'user_email' in C:\aplikasi cihuy\xampp\htdocs\Pembelajaran CodeIgniter4\e-warkas\system\Database\MySQLi\Connection.php:327
Stack trace:
#0 C:\aplikasi cihuy\xampp\htdocs\Pembelajaran CodeIgniter4\e-warkas\system\Database\MySQLi\Connection.php(327): mysqli->query('INSERT INTO `us...', 0)
#1 C:\aplikasi cihuy\xampp\htdocs\Pembelajaran CodeIgniter4\e-warkas\system\Database\BaseConnection.php(729): CodeIgniter\Database\MySQLi\Connection->execute('INSERT INTO `us...')
#2 C:\aplikasi cihuy\xampp\htdocs\Pembelajaran CodeIgniter4\e-warkas\system\Database\BaseConnection.php(646): CodeIgniter\Database\BaseConnection->simpleQuery('INSERT INTO `us...')
#3 C:\aplikasi cihuy\xampp\htdocs\Pembelajaran CodeIgniter4\e-warkas\system\Database\BaseBuilder.php(2345): CodeIgniter\Database\BaseConnection->query('INSERT INTO `us...', Array, false)
#4 C:\aplikasi cihuy\xampp\htdocs\Pembelajaran CodeIgniter4\e-warkas\system\Model.php(394): CodeIgniter\Database\BaseBuilder->insert()
#5 C:\aplikasi cihuy\xampp\htdocs\Pembelajaran CodeIgniter4\e-warkas\system\BaseModel.php(838): CodeIgniter\Model->doInsert(Array)
#6 C:\aplikasi cihuy\xampp\htdocs\Pembelajaran CodeIgniter4\e-warkas\system\Model.php(797): CodeIgniter\BaseModel->insert(Array, true)
#7 C:\aplikasi cihuy\xampp\htdocs\Pembelajaran CodeIgniter4\e-warkas\app\Controllers\Owner\UsersControl.php(93): CodeIgniter\Model->insert(Array)
#8 C:\aplikasi cihuy\xampp\htdocs\Pembelajaran CodeIgniter4\e-warkas\system\CodeIgniter.php(933): App\Controllers\Owner\UsersControl->save()
#9 C:\aplikasi cihuy\xampp\htdocs\Pembelajaran CodeIgniter4\e-warkas\system\CodeIgniter.php(507): CodeIgniter\CodeIgniter->runController(Object(App\Controllers\Owner\UsersControl))
#10 C:\aplikasi cihuy\xampp\htdocs\Pembelajaran CodeIgniter4\e-warkas\system\CodeIgniter.php(354): CodeIgniter\CodeIgniter->handleRequest(NULL, Object(Config\Cache), false)
#11 C:\aplikasi cihuy\xampp\htdocs\Pembelajaran CodeIgniter4\e-warkas\system\Boot.php(363): CodeIgniter\CodeIgniter->run()
#12 C:\aplikasi cihuy\xampp\htdocs\Pembelajaran CodeIgniter4\e-warkas\system\Boot.php(68): CodeIgniter\Boot::runCodeIgniter(Object(CodeIgniter\CodeIgniter))
#13 C:\aplikasi cihuy\xampp\htdocs\Pembelajaran CodeIgniter4\e-warkas\public\index.php(59): CodeIgniter\Boot::bootWeb(Object(Config\Paths))
#14 C:\aplikasi cihuy\xampp\htdocs\Pembelajaran CodeIgniter4\e-warkas\system\rewrite.php(44): require_once('C:\\aplikasi cih...')
#15 {main}
CRITICAL - 2025-12-25 03:40:50 --> CodeIgniter\Database\Exceptions\DatabaseException: Duplicate entry 'test@gmail.com' for key 'user_email'
[Method: POST, Route: owner/users/save]
in SYSTEMPATH\Database\BaseConnection.php on line 684.
 1 SYSTEMPATH\Database\BaseBuilder.php(2345): CodeIgniter\Database\BaseConnection->query('INSERT INTO `users` (`user_name`, `user_email`, `password_hash`, `roles_id`, `is_active`) VALUES (:user_name:, :user_email:, :password_hash:, :roles_id:, :is_active:)', [...], false)
 2 SYSTEMPATH\Model.php(394): CodeIgniter\Database\BaseBuilder->insert()
 3 SYSTEMPATH\BaseModel.php(838): CodeIgniter\Model->doInsert([...])
 4 SYSTEMPATH\Model.php(797): CodeIgniter\BaseModel->insert([...], true)
 5 APPPATH\Controllers\Owner\UsersControl.php(93): CodeIgniter\Model->insert([...])
 6 SYSTEMPATH\CodeIgniter.php(933): App\Controllers\Owner\UsersControl->save()
 7 SYSTEMPATH\CodeIgniter.php(507): CodeIgniter\CodeIgniter->runController(Object(App\Controllers\Owner\UsersControl))
 8 SYSTEMPATH\CodeIgniter.php(354): CodeIgniter\CodeIgniter->handleRequest(null, Object(Config\Cache), false)
 9 SYSTEMPATH\Boot.php(363): CodeIgniter\CodeIgniter->run()
10 SYSTEMPATH\Boot.php(68): CodeIgniter\Boot::runCodeIgniter(Object(CodeIgniter\CodeIgniter))
11 FCPATH\index.php(59): CodeIgniter\Boot::bootWeb(Object(Config\Paths))
12 SYSTEMPATH\rewrite.php(44): require_once('C:\\aplikasi cihuy\\xampp\\htdocs\\Pembelajaran CodeIgniter4\\e-warkas\\public\\index.php')
CRITICAL - 2025-12-25 03:40:50 --> [Caused by] CodeIgniter\Database\Exceptions\DatabaseException: Duplicate entry 'test@gmail.com' for key 'user_email'
in SYSTEMPATH\Database\MySQLi\Connection.php on line 332.
 1 SYSTEMPATH\Database\BaseConnection.php(729): CodeIgniter\Database\MySQLi\Connection->execute('INSERT INTO `users` (`user_name`, `user_email`, `password_hash`, `roles_id`, `is_active`) VALUES (\'test2\', \'test@gmail.com\', \'123456\', \'1\', NULL)')
 2 SYSTEMPATH\Database\BaseConnection.php(646): CodeIgniter\Database\BaseConnection->simpleQuery('INSERT INTO `users` (`user_name`, `user_email`, `password_hash`, `roles_id`, `is_active`) VALUES (\'test2\', \'test@gmail.com\', \'123456\', \'1\', NULL)')
 3 SYSTEMPATH\Database\BaseBuilder.php(2345): CodeIgniter\Database\BaseConnection->query('INSERT INTO `users` (`user_name`, `user_email`, `password_hash`, `roles_id`, `is_active`) VALUES (:user_name:, :user_email:, :password_hash:, :roles_id:, :is_active:)', [...], false)
 4 SYSTEMPATH\Model.php(394): CodeIgniter\Database\BaseBuilder->insert()
 5 SYSTEMPATH\BaseModel.php(838): CodeIgniter\Model->doInsert([...])
 6 SYSTEMPATH\Model.php(797): CodeIgniter\BaseModel->insert([...], true)
 7 APPPATH\Controllers\Owner\UsersControl.php(93): CodeIgniter\Model->insert([...])
 8 SYSTEMPATH\CodeIgniter.php(933): App\Controllers\Owner\UsersControl->save()
 9 SYSTEMPATH\CodeIgniter.php(507): CodeIgniter\CodeIgniter->runController(Object(App\Controllers\Owner\UsersControl))
10 SYSTEMPATH\CodeIgniter.php(354): CodeIgniter\CodeIgniter->handleRequest(null, Object(Config\Cache), false)
11 SYSTEMPATH\Boot.php(363): CodeIgniter\CodeIgniter->run()
12 SYSTEMPATH\Boot.php(68): CodeIgniter\Boot::runCodeIgniter(Object(CodeIgniter\CodeIgniter))
13 FCPATH\index.php(59): CodeIgniter\Boot::bootWeb(Object(Config\Paths))
14 SYSTEMPATH\rewrite.php(44): require_once('C:\\aplikasi cihuy\\xampp\\htdocs\\Pembelajaran CodeIgniter4\\e-warkas\\public\\index.php')
CRITICAL - 2025-12-25 03:40:50 --> [Caused by] mysqli_sql_exception: Duplicate entry 'test@gmail.com' for key 'user_email'
in SYSTEMPATH\Database\MySQLi\Connection.php on line 327.
 1 SYSTEMPATH\Database\MySQLi\Connection.php(327): mysqli->query('INSERT INTO `users` (`user_name`, `user_email`, `password_hash`, `roles_id`, `is_active`) VALUES (\'test2\', \'test@gmail.com\', \'123456\', \'1\', NULL)', 0)
 2 SYSTEMPATH\Database\BaseConnection.php(729): CodeIgniter\Database\MySQLi\Connection->execute('INSERT INTO `users` (`user_name`, `user_email`, `password_hash`, `roles_id`, `is_active`) VALUES (\'test2\', \'test@gmail.com\', \'123456\', \'1\', NULL)')
 3 SYSTEMPATH\Database\BaseConnection.php(646): CodeIgniter\Database\BaseConnection->simpleQuery('INSERT INTO `users` (`user_name`, `user_email`, `password_hash`, `roles_id`, `is_active`) VALUES (\'test2\', \'test@gmail.com\', \'123456\', \'1\', NULL)')
 4 SYSTEMPATH\Database\BaseBuilder.php(2345): CodeIgniter\Database\BaseConnection->query('INSERT INTO `users` (`user_name`, `user_email`, `password_hash`, `roles_id`, `is_active`) VALUES (:user_name:, :user_email:, :password_hash:, :roles_id:, :is_active:)', [...], false)
 5 SYSTEMPATH\Model.php(394): CodeIgniter\Database\BaseBuilder->insert()
 6 SYSTEMPATH\BaseModel.php(838): CodeIgniter\Model->doInsert([...])
 7 SYSTEMPATH\Model.php(797): CodeIgniter\BaseModel->insert([...], true)
 8 APPPATH\Controllers\Owner\UsersControl.php(93): CodeIgniter\Model->insert([...])
 9 SYSTEMPATH\CodeIgniter.php(933): App\Controllers\Owner\UsersControl->save()
10 SYSTEMPATH\CodeIgniter.php(507): CodeIgniter\CodeIgniter->runController(Object(App\Controllers\Owner\UsersControl))
11 SYSTEMPATH\CodeIgniter.php(354): CodeIgniter\CodeIgniter->handleRequest(null, Object(Config\Cache), false)
12 SYSTEMPATH\Boot.php(363): CodeIgniter\CodeIgniter->run()
13 SYSTEMPATH\Boot.php(68): CodeIgniter\Boot::runCodeIgniter(Object(CodeIgniter\CodeIgniter))
14 FCPATH\index.php(59): CodeIgniter\Boot::bootWeb(Object(Config\Paths))
15 SYSTEMPATH\rewrite.php(44): require_once('C:\\aplikasi cihuy\\xampp\\htdocs\\Pembelajaran CodeIgniter4\\e-warkas\\public\\index.php')
CRITICAL - 2025-12-25 06:45:22 --> ErrorException: Undefined variable $kategori
[Method: GET, Route: owner/kategori]
in APPPATH\Views\owner\pages\v_kategori.php on line 42.
 1 APPPATH\Views\owner\pages\v_kategori.php(42): CodeIgniter\Debug\Exceptions->errorHandler(2, 'Undefined variable $kategori', 'C:\\aplikasi cihuy\\xampp\\htdocs\\Pembelajaran CodeIgniter4\\e-warkas\\app\\Views\\owner\\pages\\v_kategori.php', 42)
 2 SYSTEMPATH\View\View.php(226): include('C:\\aplikasi cihuy\\xampp\\htdocs\\Pembelajaran CodeIgniter4\\e-warkas\\app\\Views\\owner\\pages\\v_kategori.php')
 3 SYSTEMPATH\View\View.php(229): CodeIgniter\View\View->CodeIgniter\View\{closure}()
 4 SYSTEMPATH\Common.php(1167): CodeIgniter\View\View->render('owner/pages/v_kategori', [], true)
 5 APPPATH\Controllers\Owner\KategoriControl.php(19): view('owner/pages/v_kategori', [...])
 6 SYSTEMPATH\CodeIgniter.php(933): App\Controllers\Owner\KategoriControl->index()
 7 SYSTEMPATH\CodeIgniter.php(507): CodeIgniter\CodeIgniter->runController(Object(App\Controllers\Owner\KategoriControl))
 8 SYSTEMPATH\CodeIgniter.php(354): CodeIgniter\CodeIgniter->handleRequest(null, Object(Config\Cache), false)
 9 SYSTEMPATH\Boot.php(363): CodeIgniter\CodeIgniter->run()
10 SYSTEMPATH\Boot.php(68): CodeIgniter\Boot::runCodeIgniter(Object(CodeIgniter\CodeIgniter))
11 FCPATH\index.php(59): CodeIgniter\Boot::bootWeb(Object(Config\Paths))
12 SYSTEMPATH\rewrite.php(44): require_once('C:\\aplikasi cihuy\\xampp\\htdocs\\Pembelajaran CodeIgniter4\\e-warkas\\public\\index.php')
CRITICAL - 2025-12-25 06:51:31 --> ErrorException: Undefined property: App\Controllers\Owner\KategoriControl::$RolesModel
[Method: GET, Route: owner/kategori]
in APPPATH\Controllers\Owner\KategoriControl.php on line 25.
 1 APPPATH\Controllers\Owner\KategoriControl.php(25): CodeIgniter\Debug\Exceptions->errorHandler(2, 'Undefined property: App\\Controllers\\Owner\\KategoriControl::$RolesModel', 'C:\\aplikasi cihuy\\xampp\\htdocs\\Pembelajaran CodeIgniter4\\e-warkas\\app\\Controllers\\Owner\\KategoriControl.php', 25)
 2 SYSTEMPATH\CodeIgniter.php(933): App\Controllers\Owner\KategoriControl->index()
 3 SYSTEMPATH\CodeIgniter.php(507): CodeIgniter\CodeIgniter->runController(Object(App\Controllers\Owner\KategoriControl))
 4 SYSTEMPATH\CodeIgniter.php(354): CodeIgniter\CodeIgniter->handleRequest(null, Object(Config\Cache), false)
 5 SYSTEMPATH\Boot.php(363): CodeIgniter\CodeIgniter->run()
 6 SYSTEMPATH\Boot.php(68): CodeIgniter\Boot::runCodeIgniter(Object(CodeIgniter\CodeIgniter))
 7 FCPATH\index.php(59): CodeIgniter\Boot::bootWeb(Object(Config\Paths))
 8 SYSTEMPATH\rewrite.php(44): require_once('C:\\aplikasi cihuy\\xampp\\htdocs\\Pembelajaran CodeIgniter4\\e-warkas\\public\\index.php')
ERROR - 2025-12-25 08:03:52 --> mysqli_sql_exception: Table 'db_warkas.units' doesn't exist in C:\aplikasi cihuy\xampp\htdocs\Pembelajaran CodeIgniter4\e-warkas\system\Database\MySQLi\Connection.php:327
Stack trace:
#0 C:\aplikasi cihuy\xampp\htdocs\Pembelajaran CodeIgniter4\e-warkas\system\Database\MySQLi\Connection.php(327): mysqli->query('SELECT *\nFROM `...', 0)
#1 C:\aplikasi cihuy\xampp\htdocs\Pembelajaran CodeIgniter4\e-warkas\system\Database\BaseConnection.php(729): CodeIgniter\Database\MySQLi\Connection->execute('SELECT *\nFROM `...')
#2 C:\aplikasi cihuy\xampp\htdocs\Pembelajaran CodeIgniter4\e-warkas\system\Database\BaseConnection.php(646): CodeIgniter\Database\BaseConnection->simpleQuery('SELECT *\nFROM `...')
#3 C:\aplikasi cihuy\xampp\htdocs\Pembelajaran CodeIgniter4\e-warkas\system\Database\BaseBuilder.php(1649): CodeIgniter\Database\BaseConnection->query('SELECT *\nFROM `...', Array, false)
#4 C:\aplikasi cihuy\xampp\htdocs\Pembelajaran CodeIgniter4\e-warkas\system\Model.php(286): CodeIgniter\Database\BaseBuilder->get()
#5 C:\aplikasi cihuy\xampp\htdocs\Pembelajaran CodeIgniter4\e-warkas\system\BaseModel.php(677): CodeIgniter\Model->doFindAll(0, 0)
#6 C:\aplikasi cihuy\xampp\htdocs\Pembelajaran CodeIgniter4\e-warkas\app\Controllers\Owner\SatuanControl.php(25): CodeIgniter\BaseModel->findAll()
#7 C:\aplikasi cihuy\xampp\htdocs\Pembelajaran CodeIgniter4\e-warkas\system\CodeIgniter.php(933): App\Controllers\Owner\SatuanControl->index()
#8 C:\aplikasi cihuy\xampp\htdocs\Pembelajaran CodeIgniter4\e-warkas\system\CodeIgniter.php(507): CodeIgniter\CodeIgniter->runController(Object(App\Controllers\Owner\SatuanControl))
#9 C:\aplikasi cihuy\xampp\htdocs\Pembelajaran CodeIgniter4\e-warkas\system\CodeIgniter.php(354): CodeIgniter\CodeIgniter->handleRequest(NULL, Object(Config\Cache), false)
#10 C:\aplikasi cihuy\xampp\htdocs\Pembelajaran CodeIgniter4\e-warkas\system\Boot.php(363): CodeIgniter\CodeIgniter->run()
#11 C:\aplikasi cihuy\xampp\htdocs\Pembelajaran CodeIgniter4\e-warkas\system\Boot.php(68): CodeIgniter\Boot::runCodeIgniter(Object(CodeIgniter\CodeIgniter))
#12 C:\aplikasi cihuy\xampp\htdocs\Pembelajaran CodeIgniter4\e-warkas\public\index.php(59): CodeIgniter\Boot::bootWeb(Object(Config\Paths))
#13 C:\aplikasi cihuy\xampp\htdocs\Pembelajaran CodeIgniter4\e-warkas\system\rewrite.php(44): require_once('C:\\aplikasi cih...')
#14 {main}
CRITICAL - 2025-12-25 08:03:52 --> CodeIgniter\Database\Exceptions\DatabaseException: Table 'db_warkas.units' doesn't exist
[Method: GET, Route: owner/satuan]
in SYSTEMPATH\Database\BaseConnection.php on line 684.
 1 SYSTEMPATH\Database\BaseBuilder.php(1649): CodeIgniter\Database\BaseConnection->query('SELECT *
FROM `units`', [], false)
 2 SYSTEMPATH\Model.php(286): CodeIgniter\Database\BaseBuilder->get()
 3 SYSTEMPATH\BaseModel.php(677): CodeIgniter\Model->doFindAll(0, 0)
 4 APPPATH\Controllers\Owner\SatuanControl.php(25): CodeIgniter\BaseModel->findAll()
 5 SYSTEMPATH\CodeIgniter.php(933): App\Controllers\Owner\SatuanControl->index()
 6 SYSTEMPATH\CodeIgniter.php(507): CodeIgniter\CodeIgniter->runController(Object(App\Controllers\Owner\SatuanControl))
 7 SYSTEMPATH\CodeIgniter.php(354): CodeIgniter\CodeIgniter->handleRequest(null, Object(Config\Cache), false)
 8 SYSTEMPATH\Boot.php(363): CodeIgniter\CodeIgniter->run()
 9 SYSTEMPATH\Boot.php(68): CodeIgniter\Boot::runCodeIgniter(Object(CodeIgniter\CodeIgniter))
10 FCPATH\index.php(59): CodeIgniter\Boot::bootWeb(Object(Config\Paths))
11 SYSTEMPATH\rewrite.php(44): require_once('C:\\aplikasi cihuy\\xampp\\htdocs\\Pembelajaran CodeIgniter4\\e-warkas\\public\\index.php')
CRITICAL - 2025-12-25 08:03:52 --> [Caused by] CodeIgniter\Database\Exceptions\DatabaseException: Table 'db_warkas.units' doesn't exist
in SYSTEMPATH\Database\MySQLi\Connection.php on line 332.
 1 SYSTEMPATH\Database\BaseConnection.php(729): CodeIgniter\Database\MySQLi\Connection->execute('SELECT *
FROM `units`')
 2 SYSTEMPATH\Database\BaseConnection.php(646): CodeIgniter\Database\BaseConnection->simpleQuery('SELECT *
FROM `units`')
 3 SYSTEMPATH\Database\BaseBuilder.php(1649): CodeIgniter\Database\BaseConnection->query('SELECT *
FROM `units`', [], false)
 4 SYSTEMPATH\Model.php(286): CodeIgniter\Database\BaseBuilder->get()
 5 SYSTEMPATH\BaseModel.php(677): CodeIgniter\Model->doFindAll(0, 0)
 6 APPPATH\Controllers\Owner\SatuanControl.php(25): CodeIgniter\BaseModel->findAll()
 7 SYSTEMPATH\CodeIgniter.php(933): App\Controllers\Owner\SatuanControl->index()
 8 SYSTEMPATH\CodeIgniter.php(507): CodeIgniter\CodeIgniter->runController(Object(App\Controllers\Owner\SatuanControl))
 9 SYSTEMPATH\CodeIgniter.php(354): CodeIgniter\CodeIgniter->handleRequest(null, Object(Config\Cache), false)
10 SYSTEMPATH\Boot.php(363): CodeIgniter\CodeIgniter->run()
11 SYSTEMPATH\Boot.php(68): CodeIgniter\Boot::runCodeIgniter(Object(CodeIgniter\CodeIgniter))
12 FCPATH\index.php(59): CodeIgniter\Boot::bootWeb(Object(Config\Paths))
13 SYSTEMPATH\rewrite.php(44): require_once('C:\\aplikasi cihuy\\xampp\\htdocs\\Pembelajaran CodeIgniter4\\e-warkas\\public\\index.php')
CRITICAL - 2025-12-25 08:03:52 --> [Caused by] mysqli_sql_exception: Table 'db_warkas.units' doesn't exist
in SYSTEMPATH\Database\MySQLi\Connection.php on line 327.
 1 SYSTEMPATH\Database\MySQLi\Connection.php(327): mysqli->query('SELECT *
FROM `units`', 0)
 2 SYSTEMPATH\Database\BaseConnection.php(729): CodeIgniter\Database\MySQLi\Connection->execute('SELECT *
FROM `units`')
 3 SYSTEMPATH\Database\BaseConnection.php(646): CodeIgniter\Database\BaseConnection->simpleQuery('SELECT *
FROM `units`')
 4 SYSTEMPATH\Database\BaseBuilder.php(1649): CodeIgniter\Database\BaseConnection->query('SELECT *
FROM `units`', [], false)
 5 SYSTEMPATH\Model.php(286): CodeIgniter\Database\BaseBuilder->get()
 6 SYSTEMPATH\BaseModel.php(677): CodeIgniter\Model->doFindAll(0, 0)
 7 APPPATH\Controllers\Owner\SatuanControl.php(25): CodeIgniter\BaseModel->findAll()
 8 SYSTEMPATH\CodeIgniter.php(933): App\Controllers\Owner\SatuanControl->index()
 9 SYSTEMPATH\CodeIgniter.php(507): CodeIgniter\CodeIgniter->runController(Object(App\Controllers\Owner\SatuanControl))
10 SYSTEMPATH\CodeIgniter.php(354): CodeIgniter\CodeIgniter->handleRequest(null, Object(Config\Cache), false)
11 SYSTEMPATH\Boot.php(363): CodeIgniter\CodeIgniter->run()
12 SYSTEMPATH\Boot.php(68): CodeIgniter\Boot::runCodeIgniter(Object(CodeIgniter\CodeIgniter))
13 FCPATH\index.php(59): CodeIgniter\Boot::bootWeb(Object(Config\Paths))
14 SYSTEMPATH\rewrite.php(44): require_once('C:\\aplikasi cihuy\\xampp\\htdocs\\Pembelajaran CodeIgniter4\\e-warkas\\public\\index.php')
ERROR - 2025-12-25 08:43:30 --> mysqli_sql_exception: Unknown column 'categories.name' in 'field list' in C:\aplikasi cihuy\xampp\htdocs\Pembelajaran CodeIgniter4\e-warkas\system\Database\MySQLi\Connection.php:327
Stack trace:
#0 C:\aplikasi cihuy\xampp\htdocs\Pembelajaran CodeIgniter4\e-warkas\system\Database\MySQLi\Connection.php(327): mysqli->query('SELECT `product...', 0)
#1 C:\aplikasi cihuy\xampp\htdocs\Pembelajaran CodeIgniter4\e-warkas\system\Database\BaseConnection.php(729): CodeIgniter\Database\MySQLi\Connection->execute('SELECT `product...')
#2 C:\aplikasi cihuy\xampp\htdocs\Pembelajaran CodeIgniter4\e-warkas\system\Database\BaseConnection.php(646): CodeIgniter\Database\BaseConnection->simpleQuery('SELECT `product...')
#3 C:\aplikasi cihuy\xampp\htdocs\Pembelajaran CodeIgniter4\e-warkas\system\Database\BaseBuilder.php(1649): CodeIgniter\Database\BaseConnection->query('SELECT `product...', Array, false)
#4 C:\aplikasi cihuy\xampp\htdocs\Pembelajaran CodeIgniter4\e-warkas\system\Model.php(286): CodeIgniter\Database\BaseBuilder->get()
#5 C:\aplikasi cihuy\xampp\htdocs\Pembelajaran CodeIgniter4\e-warkas\system\BaseModel.php(677): CodeIgniter\Model->doFindAll(0, 0)
#6 C:\aplikasi cihuy\xampp\htdocs\Pembelajaran CodeIgniter4\e-warkas\app\Models\ProductModel.php(25): CodeIgniter\BaseModel->findAll()
#7 C:\aplikasi cihuy\xampp\htdocs\Pembelajaran CodeIgniter4\e-warkas\app\Controllers\Owner\ProdukControl.php(31): App\Models\ProductModel->getAlll()
#8 C:\aplikasi cihuy\xampp\htdocs\Pembelajaran CodeIgniter4\e-warkas\system\CodeIgniter.php(933): App\Controllers\Owner\ProdukControl->index()
#9 C:\aplikasi cihuy\xampp\htdocs\Pembelajaran CodeIgniter4\e-warkas\system\CodeIgniter.php(507): CodeIgniter\CodeIgniter->runController(Object(App\Controllers\Owner\ProdukControl))
#10 C:\aplikasi cihuy\xampp\htdocs\Pembelajaran CodeIgniter4\e-warkas\system\CodeIgniter.php(354): CodeIgniter\CodeIgniter->handleRequest(NULL, Object(Config\Cache), false)
#11 C:\aplikasi cihuy\xampp\htdocs\Pembelajaran CodeIgniter4\e-warkas\system\Boot.php(363): CodeIgniter\CodeIgniter->run()
#12 C:\aplikasi cihuy\xampp\htdocs\Pembelajaran CodeIgniter4\e-warkas\system\Boot.php(68): CodeIgniter\Boot::runCodeIgniter(Object(CodeIgniter\CodeIgniter))
#13 C:\aplikasi cihuy\xampp\htdocs\Pembelajaran CodeIgniter4\e-warkas\public\index.php(59): CodeIgniter\Boot::bootWeb(Object(Config\Paths))
#14 C:\aplikasi cihuy\xampp\htdocs\Pembelajaran CodeIgniter4\e-warkas\system\rewrite.php(44): require_once('C:\\aplikasi cih...')
#15 {main}
CRITICAL - 2025-12-25 08:43:30 --> CodeIgniter\Database\Exceptions\DatabaseException: Unknown column 'categories.name' in 'field list'
[Method: GET, Route: owner/produk]
in SYSTEMPATH\Database\BaseConnection.php on line 684.
 1 SYSTEMPATH\Database\BaseBuilder.php(1649): CodeIgniter\Database\BaseConnection->query('SELECT `products`.*, `categories`.`name` AS `category_name`, `units`.`name` AS `unit_name`
FROM `products`
LEFT JOIN `categories` ON `categories`.`category_id` = `products`.`category_id`
LEFT JOIN `units` ON `units`.`unit_id` = `products`.`unit_id`', [], false)
 2 SYSTEMPATH\Model.php(286): CodeIgniter\Database\BaseBuilder->get()
 3 SYSTEMPATH\BaseModel.php(677): CodeIgniter\Model->doFindAll(0, 0)
 4 APPPATH\Models\ProductModel.php(25): CodeIgniter\BaseModel->findAll()
 5 APPPATH\Controllers\Owner\ProdukControl.php(31): App\Models\ProductModel->getAlll()
 6 SYSTEMPATH\CodeIgniter.php(933): App\Controllers\Owner\ProdukControl->index()
 7 SYSTEMPATH\CodeIgniter.php(507): CodeIgniter\CodeIgniter->runController(Object(App\Controllers\Owner\ProdukControl))
 8 SYSTEMPATH\CodeIgniter.php(354): CodeIgniter\CodeIgniter->handleRequest(null, Object(Config\Cache), false)
 9 SYSTEMPATH\Boot.php(363): CodeIgniter\CodeIgniter->run()
10 SYSTEMPATH\Boot.php(68): CodeIgniter\Boot::runCodeIgniter(Object(CodeIgniter\CodeIgniter))
11 FCPATH\index.php(59): CodeIgniter\Boot::bootWeb(Object(Config\Paths))
12 SYSTEMPATH\rewrite.php(44): require_once('C:\\aplikasi cihuy\\xampp\\htdocs\\Pembelajaran CodeIgniter4\\e-warkas\\public\\index.php')
CRITICAL - 2025-12-25 08:43:30 --> [Caused by] CodeIgniter\Database\Exceptions\DatabaseException: Unknown column 'categories.name' in 'field list'
in SYSTEMPATH\Database\MySQLi\Connection.php on line 332.
 1 SYSTEMPATH\Database\BaseConnection.php(729): CodeIgniter\Database\MySQLi\Connection->execute('SELECT `products`.*, `categories`.`name` AS `category_name`, `units`.`name` AS `unit_name`
FROM `products`
LEFT JOIN `categories` ON `categories`.`category_id` = `products`.`category_id`
LEFT JOIN `units` ON `units`.`unit_id` = `products`.`unit_id`')
 2 SYSTEMPATH\Database\BaseConnection.php(646): CodeIgniter\Database\BaseConnection->simpleQuery('SELECT `products`.*, `categories`.`name` AS `category_name`, `units`.`name` AS `unit_name`
FROM `products`
LEFT JOIN `categories` ON `categories`.`category_id` = `products`.`category_id`
LEFT JOIN `units` ON `units`.`unit_id` = `products`.`unit_id`')
 3 SYSTEMPATH\Database\BaseBuilder.php(1649): CodeIgniter\Database\BaseConnection->query('SELECT `products`.*, `categories`.`name` AS `category_name`, `units`.`name` AS `unit_name`
FROM `products`
LEFT JOIN `categories` ON `categories`.`category_id` = `products`.`category_id`
LEFT JOIN `units` ON `units`.`unit_id` = `products`.`unit_id`', [], false)
 4 SYSTEMPATH\Model.php(286): CodeIgniter\Database\BaseBuilder->get()
 5 SYSTEMPATH\BaseModel.php(677): CodeIgniter\Model->doFindAll(0, 0)
 6 APPPATH\Models\ProductModel.php(25): CodeIgniter\BaseModel->findAll()
 7 APPPATH\Controllers\Owner\ProdukControl.php(31): App\Models\ProductModel->getAlll()
 8 SYSTEMPATH\CodeIgniter.php(933): App\Controllers\Owner\ProdukControl->index()
 9 SYSTEMPATH\CodeIgniter.php(507): CodeIgniter\CodeIgniter->runController(Object(App\Controllers\Owner\ProdukControl))
10 SYSTEMPATH\CodeIgniter.php(354): CodeIgniter\CodeIgniter->handleRequest(null, Object(Config\Cache), false)
11 SYSTEMPATH\Boot.php(363): CodeIgniter\CodeIgniter->run()
12 SYSTEMPATH\Boot.php(68): CodeIgniter\Boot::runCodeIgniter(Object(CodeIgniter\CodeIgniter))
13 FCPATH\index.php(59): CodeIgniter\Boot::bootWeb(Object(Config\Paths))
14 SYSTEMPATH\rewrite.php(44): require_once('C:\\aplikasi cihuy\\xampp\\htdocs\\Pembelajaran CodeIgniter4\\e-warkas\\public\\index.php')
CRITICAL - 2025-12-25 08:43:30 --> [Caused by] mysqli_sql_exception: Unknown column 'categories.name' in 'field list'
in SYSTEMPATH\Database\MySQLi\Connection.php on line 327.
 1 SYSTEMPATH\Database\MySQLi\Connection.php(327): mysqli->query('SELECT `products`.*, `categories`.`name` AS `category_name`, `units`.`name` AS `unit_name`
FROM `products`
LEFT JOIN `categories` ON `categories`.`category_id` = `products`.`category_id`
LEFT JOIN `units` ON `units`.`unit_id` = `products`.`unit_id`', 0)
 2 SYSTEMPATH\Database\BaseConnection.php(729): CodeIgniter\Database\MySQLi\Connection->execute('SELECT `products`.*, `categories`.`name` AS `category_name`, `units`.`name` AS `unit_name`
FROM `products`
LEFT JOIN `categories` ON `categories`.`category_id` = `products`.`category_id`
LEFT JOIN `units` ON `units`.`unit_id` = `products`.`unit_id`')
 3 SYSTEMPATH\Database\BaseConnection.php(646): CodeIgniter\Database\BaseConnection->simpleQuery('SELECT `products`.*, `categories`.`name` AS `category_name`, `units`.`name` AS `unit_name`
FROM `products`
LEFT JOIN `categories` ON `categories`.`category_id` = `products`.`category_id`
LEFT JOIN `units` ON `units`.`unit_id` = `products`.`unit_id`')
 4 SYSTEMPATH\Database\BaseBuilder.php(1649): CodeIgniter\Database\BaseConnection->query('SELECT `products`.*, `categories`.`name` AS `category_name`, `units`.`name` AS `unit_name`
FROM `products`
LEFT JOIN `categories` ON `categories`.`category_id` = `products`.`category_id`
LEFT JOIN `units` ON `units`.`unit_id` = `products`.`unit_id`', [], false)
 5 SYSTEMPATH\Model.php(286): CodeIgniter\Database\BaseBuilder->get()
 6 SYSTEMPATH\BaseModel.php(677): CodeIgniter\Model->doFindAll(0, 0)
 7 APPPATH\Models\ProductModel.php(25): CodeIgniter\BaseModel->findAll()
 8 APPPATH\Controllers\Owner\ProdukControl.php(31): App\Models\ProductModel->getAlll()
 9 SYSTEMPATH\CodeIgniter.php(933): App\Controllers\Owner\ProdukControl->index()
10 SYSTEMPATH\CodeIgniter.php(507): CodeIgniter\CodeIgniter->runController(Object(App\Controllers\Owner\ProdukControl))
11 SYSTEMPATH\CodeIgniter.php(354): CodeIgniter\CodeIgniter->handleRequest(null, Object(Config\Cache), false)
12 SYSTEMPATH\Boot.php(363): CodeIgniter\CodeIgniter->run()
13 SYSTEMPATH\Boot.php(68): CodeIgniter\Boot::runCodeIgniter(Object(CodeIgniter\CodeIgniter))
14 FCPATH\index.php(59): CodeIgniter\Boot::bootWeb(Object(Config\Paths))
15 SYSTEMPATH\rewrite.php(44): require_once('C:\\aplikasi cihuy\\xampp\\htdocs\\Pembelajaran CodeIgniter4\\e-warkas\\public\\index.php')
