CRITICAL - 2025-12-31 01:39:50 --> ErrorException: Undefined variable $title
[Method: GET, Route: owner]
in APPPATH\Views\owner\layout\v_home.php on line 13.
 1 APPPATH\Views\owner\layout\v_home.php(13): CodeIgniter\Debug\Exceptions->errorHandler(2, 'Undefined variable $title', 'C:\\aplikasi cihuy\\xampp\\htdocs\\Pembelajaran CodeIgniter4\\e-warkas\\app\\Views\\owner\\layout\\v_home.php', 13)
 2 SYSTEMPATH\View\View.php(226): include('C:\\aplikasi cihuy\\xampp\\htdocs\\Pembelajaran CodeIgniter4\\e-warkas\\app\\Views\\owner\\layout\\v_home.php')
 3 SYSTEMPATH\View\View.php(229): CodeIgniter\View\View->CodeIgniter\View\{closure}()
 4 SYSTEMPATH\Common.php(1167): CodeIgniter\View\View->render('owner/layout/v_home', [], true)
 5 APPPATH\Controllers\Owner\OwnerControl.php(12): view('owner/layout/v_home')
 6 SYSTEMPATH\CodeIgniter.php(933): App\Controllers\Owner\OwnerControl->index()
 7 SYSTEMPATH\CodeIgniter.php(507): CodeIgniter\CodeIgniter->runController(Object(App\Controllers\Owner\OwnerControl))
 8 SYSTEMPATH\CodeIgniter.php(354): CodeIgniter\CodeIgniter->handleRequest(null, Object(Config\Cache), false)
 9 SYSTEMPATH\Boot.php(363): CodeIgniter\CodeIgniter->run()
10 SYSTEMPATH\Boot.php(68): CodeIgniter\Boot::runCodeIgniter(Object(CodeIgniter\CodeIgniter))
11 FCPATH\index.php(59): CodeIgniter\Boot::bootWeb(Object(Config\Paths))
12 SYSTEMPATH\rewrite.php(44): require_once('C:\\aplikasi cihuy\\xampp\\htdocs\\Pembelajaran CodeIgniter4\\e-warkas\\public\\index.php')
DEBUG - 2025-12-31 06:59:12 --> Session: Class initialized using 'CodeIgniter\Session\Handlers\FileHandler' driver.
INFO - 2025-12-31 06:59:12 --> Cart Class Initialized
DEBUG - 2025-12-31 07:00:00 --> Session: Class initialized using 'CodeIgniter\Session\Handlers\FileHandler' driver.
INFO - 2025-12-31 07:00:00 --> Cart Class Initialized
DEBUG - 2025-12-31 07:00:00 --> Session: Class initialized using 'CodeIgniter\Session\Handlers\FileHandler' driver.
INFO - 2025-12-31 07:00:00 --> Cart Class Initialized
DEBUG - 2025-12-31 07:00:04 --> Session: Class initialized using 'CodeIgniter\Session\Handlers\FileHandler' driver.
INFO - 2025-12-31 07:00:04 --> Cart Class Initialized
DEBUG - 2025-12-31 07:00:04 --> Session: Class initialized using 'CodeIgniter\Session\Handlers\FileHandler' driver.
INFO - 2025-12-31 07:00:04 --> Cart Class Initialized
DEBUG - 2025-12-31 07:00:14 --> Session: Class initialized using 'CodeIgniter\Session\Handlers\FileHandler' driver.
INFO - 2025-12-31 07:00:14 --> Cart Class Initialized
DEBUG - 2025-12-31 07:00:14 --> Session: Class initialized using 'CodeIgniter\Session\Handlers\FileHandler' driver.
INFO - 2025-12-31 07:00:14 --> Cart Class Initialized
DEBUG - 2025-12-31 07:09:19 --> Session: Class initialized using 'CodeIgniter\Session\Handlers\FileHandler' driver.
INFO - 2025-12-31 07:09:19 --> Cart Class Initialized
DEBUG - 2025-12-31 07:09:20 --> Session: Class initialized using 'CodeIgniter\Session\Handlers\FileHandler' driver.
INFO - 2025-12-31 07:09:20 --> Cart Class Initialized
DEBUG - 2025-12-31 07:15:31 --> Session: Class initialized using 'CodeIgniter\Session\Handlers\FileHandler' driver.
INFO - 2025-12-31 07:15:31 --> Cart Class Initialized
DEBUG - 2025-12-31 07:15:31 --> Session: Class initialized using 'CodeIgniter\Session\Handlers\FileHandler' driver.
INFO - 2025-12-31 07:15:31 --> Cart Class Initialized
DEBUG - 2025-12-31 07:15:38 --> Session: Class initialized using 'CodeIgniter\Session\Handlers\FileHandler' driver.
INFO - 2025-12-31 07:15:38 --> Cart Class Initialized
DEBUG - 2025-12-31 07:16:03 --> Session: Class initialized using 'CodeIgniter\Session\Handlers\FileHandler' driver.
INFO - 2025-12-31 07:16:03 --> Cart Class Initialized
DEBUG - 2025-12-31 07:16:08 --> Session: Class initialized using 'CodeIgniter\Session\Handlers\FileHandler' driver.
INFO - 2025-12-31 07:16:08 --> Cart Class Initialized
DEBUG - 2025-12-31 07:16:45 --> Session: Class initialized using 'CodeIgniter\Session\Handlers\FileHandler' driver.
INFO - 2025-12-31 07:16:45 --> Cart Class Initialized
DEBUG - 2025-12-31 07:16:45 --> Session: Class initialized using 'CodeIgniter\Session\Handlers\FileHandler' driver.
INFO - 2025-12-31 07:16:45 --> Cart Class Initialized
DEBUG - 2025-12-31 07:16:55 --> Session: Class initialized using 'CodeIgniter\Session\Handlers\FileHandler' driver.
INFO - 2025-12-31 07:16:55 --> Cart Class Initialized
DEBUG - 2025-12-31 07:16:59 --> Session: Class initialized using 'CodeIgniter\Session\Handlers\FileHandler' driver.
INFO - 2025-12-31 07:16:59 --> Cart Class Initialized
DEBUG - 2025-12-31 07:17:28 --> Session: Class initialized using 'CodeIgniter\Session\Handlers\FileHandler' driver.
INFO - 2025-12-31 07:17:28 --> Cart Class Initialized
DEBUG - 2025-12-31 07:17:28 --> Session: Class initialized using 'CodeIgniter\Session\Handlers\FileHandler' driver.
INFO - 2025-12-31 07:17:28 --> Cart Class Initialized
DEBUG - 2025-12-31 07:17:29 --> Session: Class initialized using 'CodeIgniter\Session\Handlers\FileHandler' driver.
INFO - 2025-12-31 07:17:29 --> Cart Class Initialized
DEBUG - 2025-12-31 07:17:30 --> Session: Class initialized using 'CodeIgniter\Session\Handlers\FileHandler' driver.
INFO - 2025-12-31 07:17:30 --> Cart Class Initialized
DEBUG - 2025-12-31 07:17:36 --> Session: Class initialized using 'CodeIgniter\Session\Handlers\FileHandler' driver.
INFO - 2025-12-31 07:17:36 --> Cart Class Initialized
DEBUG - 2025-12-31 07:17:36 --> Session: Class initialized using 'CodeIgniter\Session\Handlers\FileHandler' driver.
INFO - 2025-12-31 07:17:36 --> Cart Class Initialized
DEBUG - 2025-12-31 07:17:38 --> Session: Class initialized using 'CodeIgniter\Session\Handlers\FileHandler' driver.
INFO - 2025-12-31 07:17:38 --> Cart Class Initialized
DEBUG - 2025-12-31 07:17:39 --> Session: Class initialized using 'CodeIgniter\Session\Handlers\FileHandler' driver.
INFO - 2025-12-31 07:17:39 --> Cart Class Initialized
DEBUG - 2025-12-31 07:17:40 --> Session: Class initialized using 'CodeIgniter\Session\Handlers\FileHandler' driver.
INFO - 2025-12-31 07:17:40 --> Cart Class Initialized
DEBUG - 2025-12-31 07:17:41 --> Session: Class initialized using 'CodeIgniter\Session\Handlers\FileHandler' driver.
INFO - 2025-12-31 07:17:41 --> Cart Class Initialized
DEBUG - 2025-12-31 07:17:42 --> Session: Class initialized using 'CodeIgniter\Session\Handlers\FileHandler' driver.
INFO - 2025-12-31 07:17:42 --> Cart Class Initialized
DEBUG - 2025-12-31 07:17:43 --> Session: Class initialized using 'CodeIgniter\Session\Handlers\FileHandler' driver.
INFO - 2025-12-31 07:17:43 --> Cart Class Initialized
DEBUG - 2025-12-31 07:17:43 --> Session: Class initialized using 'CodeIgniter\Session\Handlers\FileHandler' driver.
INFO - 2025-12-31 07:17:43 --> Cart Class Initialized
DEBUG - 2025-12-31 07:17:44 --> Session: Class initialized using 'CodeIgniter\Session\Handlers\FileHandler' driver.
INFO - 2025-12-31 07:17:44 --> Cart Class Initialized
DEBUG - 2025-12-31 07:17:45 --> Session: Class initialized using 'CodeIgniter\Session\Handlers\FileHandler' driver.
INFO - 2025-12-31 07:17:45 --> Cart Class Initialized
DEBUG - 2025-12-31 07:17:46 --> Session: Class initialized using 'CodeIgniter\Session\Handlers\FileHandler' driver.
INFO - 2025-12-31 07:17:46 --> Cart Class Initialized
DEBUG - 2025-12-31 07:17:52 --> Session: Class initialized using 'CodeIgniter\Session\Handlers\FileHandler' driver.
INFO - 2025-12-31 07:17:52 --> Cart Class Initialized
DEBUG - 2025-12-31 07:17:52 --> Session: Class initialized using 'CodeIgniter\Session\Handlers\FileHandler' driver.
INFO - 2025-12-31 07:17:52 --> Cart Class Initialized
DEBUG - 2025-12-31 07:17:59 --> Session: Class initialized using 'CodeIgniter\Session\Handlers\FileHandler' driver.
INFO - 2025-12-31 07:17:59 --> Cart Class Initialized
DEBUG - 2025-12-31 07:17:59 --> Session: Class initialized using 'CodeIgniter\Session\Handlers\FileHandler' driver.
INFO - 2025-12-31 07:17:59 --> Cart Class Initialized
DEBUG - 2025-12-31 07:18:04 --> Session: Class initialized using 'CodeIgniter\Session\Handlers\FileHandler' driver.
INFO - 2025-12-31 07:18:04 --> Cart Class Initialized
DEBUG - 2025-12-31 07:18:05 --> Session: Class initialized using 'CodeIgniter\Session\Handlers\FileHandler' driver.
INFO - 2025-12-31 07:18:05 --> Cart Class Initialized
DEBUG - 2025-12-31 07:18:05 --> Session: Class initialized using 'CodeIgniter\Session\Handlers\FileHandler' driver.
INFO - 2025-12-31 07:18:05 --> Cart Class Initialized
DEBUG - 2025-12-31 07:18:06 --> Session: Class initialized using 'CodeIgniter\Session\Handlers\FileHandler' driver.
INFO - 2025-12-31 07:18:06 --> Cart Class Initialized
